# JRE version: Java(TM) SE Runtime Environment (8.0_121-b13) (build 1.8.0_121-b13)
# Java VM: Java HotSpot(TM) 64-Bit Server VM (25.121-b13 mixed mode bsd-amd64 compressed oops)
Heap:
 PSYoungGen      total 343040K, used 245949K [0x00000007aab00000, 0x00000007c0000000, 0x00000007c0000000)
  eden space 336896K, 72% used [0x00000007aab00000,0x00000007b9b03cc0,0x00000007bf400000)
  from space 6144K, 2% used [0x00000007bfa00000,0x00000007bfa2b890,0x00000007c0000000)
  to   space 6144K, 0% used [0x00000007bf400000,0x00000007bf400000,0x00000007bfa00000)
 ParOldGen       total 44032K, used 6720K [0x0000000780000000, 0x0000000782b00000, 0x00000007aab00000)
  object space 44032K, 15% used [0x0000000780000000,0x00000007806903b0,0x0000000782b00000)
 Metaspace       used 15968K, capacity 16167K, committed 16512K, reserved 1064960K
  class space    used 1798K, capacity 1867K, committed 1920K, reserved 1048576K
GC Heap History (10 events):
Event: 7.865 GC heap before
{Heap before GC invocations=6 (full 0):
 PSYoungGen      total 68096K, used 68060K [0x00000007aab00000, 0x00000007b3600000, 0x00000007c0000000)
  eden space 65536K, 100% used [0x00000007aab00000,0x00000007aeb00000,0x00000007aeb00000)
  from space 2560K, 98% used [0x00000007aeb00000,0x00000007aed77140,0x00000007aed80000)
  to   space 5632K, 0% used [0x00000007b3080000,0x00000007b3080000,0x00000007b3600000)
 ParOldGen       total 44032K, used 4313K [0x0000000780000000, 0x0000000782b00000, 0x00000007aab00000)
  object space 44032K, 9% used [0x0000000780000000,0x0000000780436438,0x0000000782b00000)
 Metaspace       used 15851K, capacity 16099K, committed 16256K, reserved 1062912K
  class space    used 1795K, capacity 1867K, committed 1920K, reserved 1048576K
Event: 7.871 GC heap after
Heap after GC invocations=6 (full 0):
 PSYoungGen      total 136704K, used 2572K [0x00000007aab00000, 0x00000007b3600000, 0x00000007c0000000)
  eden space 131072K, 0% used [0x00000007aab00000,0x00000007aab00000,0x00000007b2b00000)
  from space 5632K, 45% used [0x00000007b3080000,0x00000007b3303150,0x00000007b3600000)
  to   space 5632K, 0% used [0x00000007b2b00000,0x00000007b2b00000,0x00000007b3080000)
 ParOldGen       total 44032K, used 4313K [0x0000000780000000, 0x0000000782b00000, 0x00000007aab00000)
  object space 44032K, 9% used [0x0000000780000000,0x0000000780436438,0x0000000782b00000)
 Metaspace       used 15851K, capacity 16099K, committed 16256K, reserved 1062912K
  class space    used 1795K, capacity 1867K, committed 1920K, reserved 1048576K
}
Event: 8.520 GC heap before
{Heap before GC invocations=7 (full 0):
 PSYoungGen      total 136704K, used 133644K [0x00000007aab00000, 0x00000007b3600000, 0x00000007c0000000)
  eden space 131072K, 100% used [0x00000007aab00000,0x00000007b2b00000,0x00000007b2b00000)
  from space 5632K, 45% used [0x00000007b3080000,0x00000007b3303150,0x00000007b3600000)
  to   space 5632K, 0% used [0x00000007b2b00000,0x00000007b2b00000,0x00000007b3080000)
 ParOldGen       total 44032K, used 4313K [0x0000000780000000, 0x0000000782b00000, 0x00000007aab00000)
  object space 44032K, 9% used [0x0000000780000000,0x0000000780436438,0x0000000782b00000)
 Metaspace       used 15854K, capacity 16099K, committed 16256K, reserved 1062912K
  class space    used 1795K, capacity 1867K, committed 1920K, reserved 1048576K
Event: 8.538 GC heap after
Heap after GC invocations=7 (full 0):
 PSYoungGen      total 136704K, used 860K [0x00000007aab00000, 0x00000007bb600000, 0x00000007c0000000)
  eden space 131072K, 0% used [0x00000007aab00000,0x00000007aab00000,0x00000007b2b00000)
  from space 5632K, 15% used [0x00000007b2b00000,0x00000007b2bd7120,0x00000007b3080000)
  to   space 5632K, 0% used [0x00000007bb080000,0x00000007bb080000,0x00000007bb600000)
 ParOldGen       total 44032K, used 5990K [0x0000000780000000, 0x0000000782b00000, 0x00000007aab00000)
  object space 44032K, 13% used [0x0000000780000000,0x00000007805d9ab0,0x0000000782b00000)
 Metaspace       used 15854K, capacity 16099K, committed 16256K, reserved 1062912K
  class space    used 1795K, capacity 1867K, committed 1920K, reserved 1048576K
}
Event: 8.920 GC heap before
{Heap before GC invocations=8 (full 0):
 PSYoungGen      total 136704K, used 131932K [0x00000007aab00000, 0x00000007bb600000, 0x00000007c0000000)
  eden space 131072K, 100% used [0x00000007aab00000,0x00000007b2b00000,0x00000007b2b00000)
  from space 5632K, 15% used [0x00000007b2b00000,0x00000007b2bd7120,0x00000007b3080000)
  to   space 5632K, 0% used [0x00000007bb080000,0x00000007bb080000,0x00000007bb600000)
 ParOldGen       total 44032K, used 5990K [0x0000000780000000, 0x0000000782b00000, 0x00000007aab00000)
  object space 44032K, 13% used [0x0000000780000000,0x00000007805d9ab0,0x0000000782b00000)
 Metaspace       used 15856K, capacity 16099K, committed 16256K, reserved 1062912K
  class space    used 1795K, capacity 1867K, committed 1920K, reserved 1048576K
Event: 8.922 GC heap after
Heap after GC invocations=8 (full 0):
 PSYoungGen      total 267264K, used 174K [0x00000007aab00000, 0x00000007bb700000, 0x00000007c0000000)
  eden space 261632K, 0% used [0x00000007aab00000,0x00000007aab00000,0x00000007baa80000)
  from space 5632K, 3% used [0x00000007bb080000,0x00000007bb0ab890,0x00000007bb600000)
  to   space 6144K, 0% used [0x00000007baa80000,0x00000007baa80000,0x00000007bb080000)
 ParOldGen       total 44032K, used 6696K [0x0000000780000000, 0x0000000782b00000, 0x00000007aab00000)
  object space 44032K, 15% used [0x0000000780000000,0x000000078068a3b0,0x0000000782b00000)
 Metaspace       used 15856K, capacity 16099K, committed 16256K, reserved 1062912K
  class space    used 1795K, capacity 1867K, committed 1920K, reserved 1048576K
}
Event: 9.954 GC heap before
{Heap before GC invocations=9 (full 0):
 PSYoungGen      total 267264K, used 261806K [0x00000007aab00000, 0x00000007bb700000, 0x00000007c0000000)
  eden space 261632K, 100% used [0x00000007aab00000,0x00000007baa80000,0x00000007baa80000)
  from space 5632K, 3% used [0x00000007bb080000,0x00000007bb0ab890,0x00000007bb600000)
  to   space 6144K, 0% used [0x00000007baa80000,0x00000007baa80000,0x00000007bb080000)
 ParOldGen       total 44032K, used 6696K [0x0000000780000000, 0x0000000782b00000, 0x00000007aab00000)
  object space 44032K, 15% used [0x0000000780000000,0x000000078068a3b0,0x0000000782b00000)
 Metaspace       used 15867K, capacity 16099K, committed 16256K, reserved 1062912K
  class space    used 1795K, capacity 1867K, committed 1920K, reserved 1048576K
Event: 9.955 GC heap after
Heap after GC invocations=9 (full 0):
 PSYoungGen      total 267776K, used 174K [0x00000007aab00000, 0x00000007c0000000, 0x00000007c0000000)
  eden space 261632K, 0% used [0x00000007aab00000,0x00000007aab00000,0x00000007baa80000)
  from space 6144K, 2% used [0x00000007baa80000,0x00000007baaab890,0x00000007bb080000)
  to   space 6144K, 0% used [0x00000007bfa00000,0x00000007bfa00000,0x00000007c0000000)
 ParOldGen       total 44032K, used 6704K [0x0000000780000000, 0x0000000782b00000, 0x00000007aab00000)
  object space 44032K, 15% used [0x0000000780000000,0x000000078068c3b0,0x0000000782b00000)
 Metaspace       used 15867K, capacity 16099K, committed 16256K, reserved 1062912K
  class space    used 1795K, capacity 1867K, committed 1920K, reserved 1048576K
}
Event: 10.650 GC heap before
{Heap before GC invocations=10 (full 0):
 PSYoungGen      total 267776K, used 261806K [0x00000007aab00000, 0x00000007c0000000, 0x00000007c0000000)
  eden space 261632K, 100% used [0x00000007aab00000,0x00000007baa80000,0x00000007baa80000)
  from space 6144K, 2% used [0x00000007baa80000,0x00000007baaab890,0x00000007bb080000)
  to   space 6144K, 0% used [0x00000007bfa00000,0x00000007bfa00000,0x00000007c0000000)
 ParOldGen       total 44032K, used 6704K [0x0000000780000000, 0x0000000782b00000, 0x00000007aab00000)
  object space 44032K, 15% used [0x0000000780000000,0x000000078068c3b0,0x0000000782b00000)
 Metaspace       used 15914K, capacity 16099K, committed 16256K, reserved 1062912K
  class space    used 1796K, capacity 1867K, committed 1920K, reserved 1048576K
Event: 10.650 GC heap after
Heap after GC invocations=10 (full 0):
 PSYoungGen      total 343040K, used 174K [0x00000007aab00000, 0x00000007c0000000, 0x00000007c0000000)
  eden space 336896K, 0% used [0x00000007aab00000,0x00000007aab00000,0x00000007bf400000)
  from space 6144K, 2% used [0x00000007bfa00000,0x00000007bfa2b890,0x00000007c0000000)
  to   space 6144K, 0% used [0x00000007bf400000,0x00000007bf400000,0x00000007bfa00000)
 ParOldGen       total 44032K, used 6720K [0x0000000780000000, 0x0000000782b00000, 0x00000007aab00000)
  object space 44032K, 15% used [0x0000000780000000,0x00000007806903b0,0x0000000782b00000)
 Metaspace       used 15914K, capacity 16099K, committed 16256K, reserved 1062912K
  class space    used 1796K, capacity 1867K, committed 1920K, reserved 1048576K
}

