# JRE version: Java(TM) SE Runtime Environment (8.0_121-b13) (build 1.8.0_121-b13)
# Java VM: Java HotSpot(TM) 64-Bit Server VM (25.121-b13 mixed mode bsd-amd64 compressed oops)
Heap:
 PSYoungGen      total 215040K, used 17771K [0x00000007aab00000, 0x00000007b8300000, 0x00000007c0000000)
  eden space 208896K, 8% used [0x00000007aab00000,0x00000007abc27620,0x00000007b7700000)
  from space 6144K, 3% used [0x00000007b7d00000,0x00000007b7d33890,0x00000007b8300000)
  to   space 6144K, 0% used [0x00000007b7700000,0x00000007b7700000,0x00000007b7d00000)
 ParOldGen       total 44032K, used 6801K [0x0000000780000000, 0x0000000782b00000, 0x00000007aab00000)
  object space 44032K, 15% used [0x0000000780000000,0x00000007806a4538,0x0000000782b00000)
 Metaspace       used 15979K, capacity 16167K, committed 16512K, reserved 1064960K
  class space    used 1797K, capacity 1867K, committed 1920K, reserved 1048576K
GC Heap History (10 events):
Event: 7.639 GC heap before
{Heap before GC invocations=6 (full 0):
 PSYoungGen      total 35328K, used 35308K [0x00000007aab00000, 0x00000007af600000, 0x00000007c0000000)
  eden space 32768K, 100% used [0x00000007aab00000,0x00000007acb00000,0x00000007acb00000)
  from space 2560K, 99% used [0x00000007acb00000,0x00000007acd7b150,0x00000007acd80000)
  to   space 5632K, 0% used [0x00000007af080000,0x00000007af080000,0x00000007af600000)
 ParOldGen       total 44032K, used 4341K [0x0000000780000000, 0x0000000782b00000, 0x00000007aab00000)
  object space 44032K, 9% used [0x0000000780000000,0x000000078043d5f0,0x0000000782b00000)
 Metaspace       used 15841K, capacity 16035K, committed 16256K, reserved 1062912K
  class space    used 1795K, capacity 1867K, committed 1920K, reserved 1048576K
Event: 7.648 GC heap after
Heap after GC invocations=6 (full 0):
 PSYoungGen      total 71168K, used 2572K [0x00000007aab00000, 0x00000007af600000, 0x00000007c0000000)
  eden space 65536K, 0% used [0x00000007aab00000,0x00000007aab00000,0x00000007aeb00000)
  from space 5632K, 45% used [0x00000007af080000,0x00000007af303150,0x00000007af600000)
  to   space 5632K, 0% used [0x00000007aeb00000,0x00000007aeb00000,0x00000007af080000)
 ParOldGen       total 44032K, used 4349K [0x0000000780000000, 0x0000000782b00000, 0x00000007aab00000)
  object space 44032K, 9% used [0x0000000780000000,0x000000078043f5f0,0x0000000782b00000)
 Metaspace       used 15841K, capacity 16035K, committed 16256K, reserved 1062912K
  class space    used 1795K, capacity 1867K, committed 1920K, reserved 1048576K
}
Event: 7.942 GC heap before
{Heap before GC invocations=7 (full 0):
 PSYoungGen      total 71168K, used 68108K [0x00000007aab00000, 0x00000007af600000, 0x00000007c0000000)
  eden space 65536K, 100% used [0x00000007aab00000,0x00000007aeb00000,0x00000007aeb00000)
  from space 5632K, 45% used [0x00000007af080000,0x00000007af303150,0x00000007af600000)
  to   space 5632K, 0% used [0x00000007aeb00000,0x00000007aeb00000,0x00000007af080000)
 ParOldGen       total 44032K, used 4349K [0x0000000780000000, 0x0000000782b00000, 0x00000007aab00000)
  object space 44032K, 9% used [0x0000000780000000,0x000000078043f5f0,0x0000000782b00000)
 Metaspace       used 15868K, capacity 16035K, committed 16256K, reserved 1062912K
  class space    used 1795K, capacity 1867K, committed 1920K, reserved 1048576K
Event: 7.957 GC heap after
Heap after GC invocations=7 (full 0):
 PSYoungGen      total 71168K, used 876K [0x00000007aab00000, 0x00000007b3600000, 0x00000007c0000000)
  eden space 65536K, 0% used [0x00000007aab00000,0x00000007aab00000,0x00000007aeb00000)
  from space 5632K, 15% used [0x00000007aeb00000,0x00000007aebdb130,0x00000007af080000)
  to   space 5632K, 0% used [0x00000007b3080000,0x00000007b3080000,0x00000007b3600000)
 ParOldGen       total 44032K, used 6071K [0x0000000780000000, 0x0000000782b00000, 0x00000007aab00000)
  object space 44032K, 13% used [0x0000000780000000,0x00000007805edc58,0x0000000782b00000)
 Metaspace       used 15868K, capacity 16035K, committed 16256K, reserved 1062912K
  class space    used 1795K, capacity 1867K, committed 1920K, reserved 1048576K
}
Event: 8.241 GC heap before
{Heap before GC invocations=8 (full 0):
 PSYoungGen      total 71168K, used 66412K [0x00000007aab00000, 0x00000007b3600000, 0x00000007c0000000)
  eden space 65536K, 100% used [0x00000007aab00000,0x00000007aeb00000,0x00000007aeb00000)
  from space 5632K, 15% used [0x00000007aeb00000,0x00000007aebdb130,0x00000007af080000)
  to   space 5632K, 0% used [0x00000007b3080000,0x00000007b3080000,0x00000007b3600000)
 ParOldGen       total 44032K, used 6071K [0x0000000780000000, 0x0000000782b00000, 0x00000007aab00000)
  object space 44032K, 13% used [0x0000000780000000,0x00000007805edc58,0x0000000782b00000)
 Metaspace       used 15892K, capacity 16035K, committed 16256K, reserved 1062912K
  class space    used 1795K, capacity 1867K, committed 1920K, reserved 1048576K
Event: 8.243 GC heap after
Heap after GC invocations=8 (full 0):
 PSYoungGen      total 136192K, used 174K [0x00000007aab00000, 0x00000007b3700000, 0x00000007c0000000)
  eden space 130560K, 0% used [0x00000007aab00000,0x00000007aab00000,0x00000007b2a80000)
  from space 5632K, 3% used [0x00000007b3080000,0x00000007b30ab890,0x00000007b3600000)
  to   space 6144K, 0% used [0x00000007b2a80000,0x00000007b2a80000,0x00000007b3080000)
 ParOldGen       total 44032K, used 6753K [0x0000000780000000, 0x0000000782b00000, 0x00000007aab00000)
  object space 44032K, 15% used [0x0000000780000000,0x0000000780698538,0x0000000782b00000)
 Metaspace       used 15892K, capacity 16035K, committed 16256K, reserved 1062912K
  class space    used 1795K, capacity 1867K, committed 1920K, reserved 1048576K
}
Event: 8.854 GC heap before
{Heap before GC invocations=9 (full 0):
 PSYoungGen      total 136192K, used 130734K [0x00000007aab00000, 0x00000007b3700000, 0x00000007c0000000)
  eden space 130560K, 100% used [0x00000007aab00000,0x00000007b2a80000,0x00000007b2a80000)
  from space 5632K, 3% used [0x00000007b3080000,0x00000007b30ab890,0x00000007b3600000)
  to   space 6144K, 0% used [0x00000007b2a80000,0x00000007b2a80000,0x00000007b3080000)
 ParOldGen       total 44032K, used 6753K [0x0000000780000000, 0x0000000782b00000, 0x00000007aab00000)
  object space 44032K, 15% used [0x0000000780000000,0x0000000780698538,0x0000000782b00000)
 Metaspace       used 15934K, capacity 16163K, committed 16512K, reserved 1064960K
  class space    used 1795K, capacity 1867K, committed 1920K, reserved 1048576K
Event: 8.855 GC heap after
Heap after GC invocations=9 (full 0):
 PSYoungGen      total 136704K, used 238K [0x00000007aab00000, 0x00000007b8300000, 0x00000007c0000000)
  eden space 130560K, 0% used [0x00000007aab00000,0x00000007aab00000,0x00000007b2a80000)
  from space 6144K, 3% used [0x00000007b2a80000,0x00000007b2abb890,0x00000007b3080000)
  to   space 6144K, 0% used [0x00000007b7d00000,0x00000007b7d00000,0x00000007b8300000)
 ParOldGen       total 44032K, used 6777K [0x0000000780000000, 0x0000000782b00000, 0x00000007aab00000)
  object space 44032K, 15% used [0x0000000780000000,0x000000078069e538,0x0000000782b00000)
 Metaspace       used 15934K, capacity 16163K, committed 16512K, reserved 1064960K
  class space    used 1795K, capacity 1867K, committed 1920K, reserved 1048576K
}
Event: 9.425 GC heap before
{Heap before GC invocations=10 (full 0):
 PSYoungGen      total 136704K, used 130798K [0x00000007aab00000, 0x00000007b8300000, 0x00000007c0000000)
  eden space 130560K, 100% used [0x00000007aab00000,0x00000007b2a80000,0x00000007b2a80000)
  from space 6144K, 3% used [0x00000007b2a80000,0x00000007b2abb890,0x00000007b3080000)
  to   space 6144K, 0% used [0x00000007b7d00000,0x00000007b7d00000,0x00000007b8300000)
 ParOldGen       total 44032K, used 6777K [0x0000000780000000, 0x0000000782b00000, 0x00000007aab00000)
  object space 44032K, 15% used [0x0000000780000000,0x000000078069e538,0x0000000782b00000)
 Metaspace       used 15966K, capacity 16167K, committed 16512K, reserved 1064960K
  class space    used 1795K, capacity 1867K, committed 1920K, reserved 1048576K
Event: 9.426 GC heap after
Heap after GC invocations=10 (full 0):
 PSYoungGen      total 215040K, used 206K [0x00000007aab00000, 0x00000007b8300000, 0x00000007c0000000)
  eden space 208896K, 0% used [0x00000007aab00000,0x00000007aab00000,0x00000007b7700000)
  from space 6144K, 3% used [0x00000007b7d00000,0x00000007b7d33890,0x00000007b8300000)
  to   space 6144K, 0% used [0x00000007b7700000,0x00000007b7700000,0x00000007b7d00000)
 ParOldGen       total 44032K, used 6801K [0x0000000780000000, 0x0000000782b00000, 0x00000007aab00000)
  object space 44032K, 15% used [0x0000000780000000,0x00000007806a4538,0x0000000782b00000)
 Metaspace       used 15966K, capacity 16167K, committed 16512K, reserved 1064960K
  class space    used 1795K, capacity 1867K, committed 1920K, reserved 1048576K
}

