# JRE version: Java(TM) SE Runtime Environment (8.0_121-b13) (build 1.8.0_121-b13)
# Java VM: Java HotSpot(TM) 64-Bit Server VM (25.121-b13 mixed mode bsd-amd64 compressed oops)
Heap:
 PSYoungGen      total 294912K, used 80980K [0x00000007aab00000, 0x00000007bf300000, 0x00000007c0000000)
  eden space 289280K, 27% used [0x00000007aab00000,0x00000007af9d1a88,0x00000007bc580000)
  from space 5632K, 4% used [0x00000007be800000,0x00000007be843890,0x00000007bed80000)
  to   space 5632K, 0% used [0x00000007bed80000,0x00000007bed80000,0x00000007bf300000)
 ParOldGen       total 44032K, used 6884K [0x0000000780000000, 0x0000000782b00000, 0x00000007aab00000)
  object space 44032K, 15% used [0x0000000780000000,0x00000007806b9338,0x0000000782b00000)
 Metaspace       used 16058K, capacity 16231K, committed 16512K, reserved 1064960K
  class space    used 1798K, capacity 1867K, committed 1920K, reserved 1048576K
GC Heap History (10 events):
Event: 9.563 GC heap before
{Heap before GC invocations=11 (full 0):
 PSYoungGen      total 215040K, used 209038K [0x00000007aab00000, 0x00000007b8300000, 0x00000007c0000000)
  eden space 208896K, 100% used [0x00000007aab00000,0x00000007b7700000,0x00000007b7700000)
  from space 6144K, 2% used [0x00000007b7d00000,0x00000007b7d23890,0x00000007b8300000)
  to   space 6144K, 0% used [0x00000007b7700000,0x00000007b7700000,0x00000007b7d00000)
 ParOldGen       total 44032K, used 6780K [0x0000000780000000, 0x0000000782b00000, 0x00000007aab00000)
  object space 44032K, 15% used [0x0000000780000000,0x000000078069f338,0x0000000782b00000)
 Metaspace       used 15893K, capacity 16099K, committed 16256K, reserved 1062912K
  class space    used 1795K, capacity 1867K, committed 1920K, reserved 1048576K
Event: 9.564 GC heap after
Heap after GC invocations=11 (full 0):
 PSYoungGen      total 215040K, used 174K [0x00000007aab00000, 0x00000007bfd80000, 0x00000007c0000000)
  eden space 208896K, 0% used [0x00000007aab00000,0x00000007aab00000,0x00000007b7700000)
  from space 6144K, 2% used [0x00000007b7700000,0x00000007b772b890,0x00000007b7d00000)
  to   space 6144K, 0% used [0x00000007bf780000,0x00000007bf780000,0x00000007bfd80000)
 ParOldGen       total 44032K, used 6796K [0x0000000780000000, 0x0000000782b00000, 0x00000007aab00000)
  object space 44032K, 15% used [0x0000000780000000,0x00000007806a3338,0x0000000782b00000)
 Metaspace       used 15893K, capacity 16099K, committed 16256K, reserved 1062912K
  class space    used 1795K, capacity 1867K, committed 1920K, reserved 1048576K
}
Event: 10.212 GC heap before
{Heap before GC invocations=12 (full 0):
 PSYoungGen      total 215040K, used 209070K [0x00000007aab00000, 0x00000007bfd80000, 0x00000007c0000000)
  eden space 208896K, 100% used [0x00000007aab00000,0x00000007b7700000,0x00000007b7700000)
  from space 6144K, 2% used [0x00000007b7700000,0x00000007b772b890,0x00000007b7d00000)
  to   space 6144K, 0% used [0x00000007bf780000,0x00000007bf780000,0x00000007bfd80000)
 ParOldGen       total 44032K, used 6796K [0x0000000780000000, 0x0000000782b00000, 0x00000007aab00000)
  object space 44032K, 15% used [0x0000000780000000,0x00000007806a3338,0x0000000782b00000)
 Metaspace       used 15939K, capacity 16163K, committed 16512K, reserved 1064960K
  class space    used 1796K, capacity 1867K, committed 1920K, reserved 1048576K
Event: 10.213 GC heap after
Heap after GC invocations=12 (full 0):
 PSYoungGen      total 340480K, used 238K [0x00000007aab00000, 0x00000007bfd80000, 0x00000007c0000000)
  eden space 334336K, 0% used [0x00000007aab00000,0x00000007aab00000,0x00000007bf180000)
  from space 6144K, 3% used [0x00000007bf780000,0x00000007bf7bb890,0x00000007bfd80000)
  to   space 6144K, 0% used [0x00000007bf180000,0x00000007bf180000,0x00000007bf780000)
 ParOldGen       total 44032K, used 6820K [0x0000000780000000, 0x0000000782b00000, 0x00000007aab00000)
  object space 44032K, 15% used [0x0000000780000000,0x00000007806a9338,0x0000000782b00000)
 Metaspace       used 15939K, capacity 16163K, committed 16512K, reserved 1064960K
  class space    used 1796K, capacity 1867K, committed 1920K, reserved 1048576K
}
Event: 11.667 GC heap before
{Heap before GC invocations=13 (full 0):
 PSYoungGen      total 340480K, used 334574K [0x00000007aab00000, 0x00000007bfd80000, 0x00000007c0000000)
  eden space 334336K, 100% used [0x00000007aab00000,0x00000007bf180000,0x00000007bf180000)
  from space 6144K, 3% used [0x00000007bf780000,0x00000007bf7bb890,0x00000007bfd80000)
  to   space 6144K, 0% used [0x00000007bf180000,0x00000007bf180000,0x00000007bf780000)
 ParOldGen       total 44032K, used 6820K [0x0000000780000000, 0x0000000782b00000, 0x00000007aab00000)
  object space 44032K, 15% used [0x0000000780000000,0x00000007806a9338,0x0000000782b00000)
 Metaspace       used 15987K, capacity 16167K, committed 16512K, reserved 1064960K
  class space    used 1796K, capacity 1867K, committed 1920K, reserved 1048576K
Event: 11.668 GC heap after
Heap after GC invocations=13 (full 0):
 PSYoungGen      total 318976K, used 206K [0x00000007aab00000, 0x00000007bf800000, 0x00000007c0000000)
  eden space 318464K, 0% used [0x00000007aab00000,0x00000007aab00000,0x00000007be200000)
  from space 512K, 40% used [0x00000007bf180000,0x00000007bf1b3890,0x00000007bf200000)
  to   space 5632K, 0% used [0x00000007bf280000,0x00000007bf280000,0x00000007bf800000)
 ParOldGen       total 44032K, used 6844K [0x0000000780000000, 0x0000000782b00000, 0x00000007aab00000)
  object space 44032K, 15% used [0x0000000780000000,0x00000007806af338,0x0000000782b00000)
 Metaspace       used 15987K, capacity 16167K, committed 16512K, reserved 1064960K
  class space    used 1796K, capacity 1867K, committed 1920K, reserved 1048576K
}
Event: 12.560 GC heap before
{Heap before GC invocations=14 (full 0):
 PSYoungGen      total 318976K, used 318670K [0x00000007aab00000, 0x00000007bf800000, 0x00000007c0000000)
  eden space 318464K, 100% used [0x00000007aab00000,0x00000007be200000,0x00000007be200000)
  from space 512K, 40% used [0x00000007bf180000,0x00000007bf1b3890,0x00000007bf200000)
  to   space 5632K, 0% used [0x00000007bf280000,0x00000007bf280000,0x00000007bf800000)
 ParOldGen       total 44032K, used 6844K [0x0000000780000000, 0x0000000782b00000, 0x00000007aab00000)
  object space 44032K, 15% used [0x0000000780000000,0x00000007806af338,0x0000000782b00000)
 Metaspace       used 15996K, capacity 16167K, committed 16512K, reserved 1064960K
  class space    used 1796K, capacity 1867K, committed 1920K, reserved 1048576K
Event: 12.561 GC heap after
Heap after GC invocations=14 (full 0):
 PSYoungGen      total 304128K, used 270K [0x00000007aab00000, 0x00000007bf300000, 0x00000007c0000000)
  eden space 303616K, 0% used [0x00000007aab00000,0x00000007aab00000,0x00000007bd380000)
  from space 512K, 52% used [0x00000007bf280000,0x00000007bf2c3890,0x00000007bf300000)
  to   space 5632K, 0% used [0x00000007be800000,0x00000007be800000,0x00000007bed80000)
 ParOldGen       total 44032K, used 6860K [0x0000000780000000, 0x0000000782b00000, 0x00000007aab00000)
  object space 44032K, 15% used [0x0000000780000000,0x00000007806b3338,0x0000000782b00000)
 Metaspace       used 15996K, capacity 16167K, committed 16512K, reserved 1064960K
  class space    used 1796K, capacity 1867K, committed 1920K, reserved 1048576K
}
Event: 13.620 GC heap before
{Heap before GC invocations=15 (full 0):
 PSYoungGen      total 304128K, used 303886K [0x00000007aab00000, 0x00000007bf300000, 0x00000007c0000000)
  eden space 303616K, 100% used [0x00000007aab00000,0x00000007bd380000,0x00000007bd380000)
  from space 512K, 52% used [0x00000007bf280000,0x00000007bf2c3890,0x00000007bf300000)
  to   space 5632K, 0% used [0x00000007be800000,0x00000007be800000,0x00000007bed80000)
 ParOldGen       total 44032K, used 6860K [0x0000000780000000, 0x0000000782b00000, 0x00000007aab00000)
  object space 44032K, 15% used [0x0000000780000000,0x00000007806b3338,0x0000000782b00000)
 Metaspace       used 16041K, capacity 16231K, committed 16512K, reserved 1064960K
  class space    used 1796K, capacity 1867K, committed 1920K, reserved 1048576K
Event: 13.621 GC heap after
Heap after GC invocations=15 (full 0):
 PSYoungGen      total 294912K, used 270K [0x00000007aab00000, 0x00000007bf300000, 0x00000007c0000000)
  eden space 289280K, 0% used [0x00000007aab00000,0x00000007aab00000,0x00000007bc580000)
  from space 5632K, 4% used [0x00000007be800000,0x00000007be843890,0x00000007bed80000)
  to   space 5632K, 0% used [0x00000007bed80000,0x00000007bed80000,0x00000007bf300000)
 ParOldGen       total 44032K, used 6884K [0x0000000780000000, 0x0000000782b00000, 0x00000007aab00000)
  object space 44032K, 15% used [0x0000000780000000,0x00000007806b9338,0x0000000782b00000)
 Metaspace       used 16041K, capacity 16231K, committed 16512K, reserved 1064960K
  class space    used 1796K, capacity 1867K, committed 1920K, reserved 1048576K
}

